2023-07-21 19:43:03 DEBUG    __main__.<module>() c:\Users\borgonovo_furio\OneDrive - Playtech\Documents\snaitech-dev\Massive docs\md_main.py:10:
	this is a debug message
2023-07-21 19:43:03 INFO     __main__.<module>() c:\Users\borgonovo_furio\OneDrive - Playtech\Documents\snaitech-dev\Massive docs\md_main.py:11:
	this is an info message
2023-07-21 19:43:03 WARNING  __main__.<module>() c:\Users\borgonovo_furio\OneDrive - Playtech\Documents\snaitech-dev\Massive docs\md_main.py:12:
	this is a warning message
2023-07-21 19:43:03 ERROR    __main__.<module>() c:\Users\borgonovo_furio\OneDrive - Playtech\Documents\snaitech-dev\Massive docs\md_main.py:13:
	this is an error message
2023-07-21 19:43:03 CRITICAL __main__.<module>() c:\Users\borgonovo_furio\OneDrive - Playtech\Documents\snaitech-dev\Massive docs\md_main.py:14:
	this is a critical message
2023-07-21 19:43:03 INFO     __main__.<module>() c:\Users\borgonovo_furio\OneDrive - Playtech\Documents\snaitech-dev\Massive docs\md_main.py:21:
	

*** STARTING MASSIVE DOCS ***
      23/07/21 19:43:03       

2023-07-21 19:43:03 INFO     __main__.<module>() c:\Users\borgonovo_furio\OneDrive - Playtech\Documents\snaitech-dev\Massive docs\md_main.py:26:
	Creating md_db
2023-07-21 19:43:03 INFO     md_db.md_connect_db() c:\Users\borgonovo_furio\OneDrive - Playtech\Documents\snaitech-dev\Massive docs\md_db.py:52:
	md_connect_db - BEGIN
2023-07-21 19:43:03 DEBUG    md_db.md_connect_db() c:\Users\borgonovo_furio\OneDrive - Playtech\Documents\snaitech-dev\Massive docs\md_db.py:64:
	C:/Users/borgonovo_furio/OneDrive - Playtech/Documents/snaitech-dev/Massive docs/data/md_db.db not present. Creating
2023-07-21 19:43:03 DEBUG    md_db.md_create_table() c:\Users\borgonovo_furio\OneDrive - Playtech\Documents\snaitech-dev\Massive docs\md_db.py:35:
	md_create_table - BEGIN
2023-07-21 19:43:03 DEBUG    md_db.md_create_table() c:\Users\borgonovo_furio\OneDrive - Playtech\Documents\snaitech-dev\Massive docs\md_db.py:40:
	Dropping table RECIPIENTS if exists
2023-07-21 19:43:03 DEBUG    md_db.md_create_table() c:\Users\borgonovo_furio\OneDrive - Playtech\Documents\snaitech-dev\Massive docs\md_db.py:43:
	Creating table in C:/Users/borgonovo_furio/OneDrive - Playtech/Documents/snaitech-dev/Massive docs/data/md_db.db:

CREATE TABLE RECIPIENTS (
                '99' TEXT,
                'RAGIONE SOCIALE' TEXT,
                '_PIVA' TEXT NOT NULL PRIMARY KEY,
                '_CF' TEXT,
                'SEDE' TEXT,
                'Posizione incrociata' TEXT,
                'Posizione Duplicata' TEXT,
                'Crif Number' TEXT,
                'Denominazione' TEXT,
                'Partita Iva' TEXT,
                'REA' TEXT,
                'CCIAA' TEXT,
                'Codice fiscale' TEXT,
                'Indirizzo societa' TEXT,
                'Cap societa' TEXT,
                'Comune societa' TEXT,
                'Frazione societa' TEXT,
                'Provincia societa' TEXT,
                'Regione' TEXT,
                'Stato Impresa Cribis' TEXT,
                'Natura giuridica' TEXT,
                'Tipo natura giuridica' TEXT,
                'dummy' TEXT,
                'Cognome Esponente' TEXT,
                'Nome Esponente' TEXT,
                'Sesso' TEXT,
                'Data di nascita' TEXT,
                'Provincia di Nascita' TEXT,
                'Comune di Nascita' TEXT,
                'Nazione di Nascita' TEXT,
                'Cittadinanza' TEXT,
                'Indirizzo RL' TEXT,
                'CAP RL' TEXT,
                'Comune RL' TEXT,
                'Provincia RL' TEXT,
                'Frazione RL' TEXT,
                'Altre indicazioni' TEXT,
                'Nazione' TEXT,
                'Telefono' TEXT,
                'Email' TEXT,
                'PEC' TEXT,
                'status' TEXT
              );
          
2023-07-21 19:43:03 DEBUG    md_db.md_create_table() c:\Users\borgonovo_furio\OneDrive - Playtech\Documents\snaitech-dev\Massive docs\md_db.py:49:
	md_create_table - END
2023-07-21 19:43:03 DEBUG    md_db.md_create_table() c:\Users\borgonovo_furio\OneDrive - Playtech\Documents\snaitech-dev\Massive docs\md_db.py:35:
	md_create_table - BEGIN
2023-07-21 19:43:03 DEBUG    md_db.md_create_table() c:\Users\borgonovo_furio\OneDrive - Playtech\Documents\snaitech-dev\Massive docs\md_db.py:40:
	Dropping table PROCESSED if exists
2023-07-21 19:43:03 DEBUG    md_db.md_create_table() c:\Users\borgonovo_furio\OneDrive - Playtech\Documents\snaitech-dev\Massive docs\md_db.py:43:
	Creating table in C:/Users/borgonovo_furio/OneDrive - Playtech/Documents/snaitech-dev/Massive docs/data/md_db.db:

CREATE TABLE PROCESSED (
                '99' TEXT,
                'RAGIONE SOCIALE' TEXT,
                '_PIVA' TEXT NOT NULL PRIMARY KEY,
                '_CF' TEXT,
                'SEDE' TEXT,
                'Posizione incrociata' TEXT,
                'Posizione Duplicata' TEXT,
                'Crif Number' TEXT,
                'Denominazione' TEXT,
                'Partita Iva' TEXT,
                'REA' TEXT,
                'CCIAA' TEXT,
                'Codice fiscale' TEXT,
                'Indirizzo societa' TEXT,
                'Cap societa' TEXT,
                'Comune societa' TEXT,
                'Frazione societa' TEXT,
                'Provincia societa' TEXT,
                'Regione' TEXT,
                'Stato Impresa Cribis' TEXT,
                'Natura giuridica' TEXT,
                'Tipo natura giuridica' TEXT,
                'dummy' TEXT,
                'Cognome Esponente' TEXT,
                'Nome Esponente' TEXT,
                'Sesso' TEXT,
                'Data di nascita' TEXT,
                'Provincia di Nascita' TEXT,
                'Comune di Nascita' TEXT,
                'Nazione di Nascita' TEXT,
                'Cittadinanza' TEXT,
                'Indirizzo RL' TEXT,
                'CAP RL' TEXT,
                'Comune RL' TEXT,
                'Provincia RL' TEXT,
                'Frazione RL' TEXT,
                'Altre indicazioni' TEXT,
                'Nazione' TEXT,
                'Telefono' TEXT,
                'Email' TEXT,
                'PEC' TEXT,
                'status' TEXT
                );
            
2023-07-21 19:43:03 DEBUG    md_db.md_create_table() c:\Users\borgonovo_furio\OneDrive - Playtech\Documents\snaitech-dev\Massive docs\md_db.py:49:
	md_create_table - END
2023-07-21 19:43:03 DEBUG    md_db.md_create_table() c:\Users\borgonovo_furio\OneDrive - Playtech\Documents\snaitech-dev\Massive docs\md_db.py:35:
	md_create_table - BEGIN
2023-07-21 19:43:03 DEBUG    md_db.md_create_table() c:\Users\borgonovo_furio\OneDrive - Playtech\Documents\snaitech-dev\Massive docs\md_db.py:40:
	Dropping table ANOMALIES if exists
2023-07-21 19:43:03 DEBUG    md_db.md_create_table() c:\Users\borgonovo_furio\OneDrive - Playtech\Documents\snaitech-dev\Massive docs\md_db.py:43:
	Creating table in C:/Users/borgonovo_furio/OneDrive - Playtech/Documents/snaitech-dev/Massive docs/data/md_db.db:

CREATE TABLE ANOMALIES (
                '99' TEXT,
                'RAGIONE SOCIALE' TEXT,
                '_PIVA' TEXT NOT NULL PRIMARY KEY,
                '_CF' TEXT,
                'SEDE' TEXT,
                'Posizione incrociata' TEXT,
                'Posizione Duplicata' TEXT,
                'Crif Number' TEXT,
                'Denominazione' TEXT,
                'Partita Iva' TEXT,
                'REA' TEXT,
                'CCIAA' TEXT,
                'Codice fiscale' TEXT,
                'Indirizzo societa' TEXT,
                'Cap societa' TEXT,
                'Comune societa' TEXT,
                'Frazione societa' TEXT,
                'Provincia societa' TEXT,
                'Regione' TEXT,
                'Stato Impresa Cribis' TEXT,
                'Natura giuridica' TEXT,
                'Tipo natura giuridica' TEXT,
                'dummy' TEXT,
                'Cognome Esponente' TEXT,
                'Nome Esponente' TEXT,
                'Sesso' TEXT,
                'Data di nascita' TEXT,
                'Provincia di Nascita' TEXT,
                'Comune di Nascita' TEXT,
                'Nazione di Nascita' TEXT,
                'Cittadinanza' TEXT,
                'Indirizzo RL' TEXT,
                'CAP RL' TEXT,
                'Comune RL' TEXT,
                'Provincia RL' TEXT,
                'Frazione RL' TEXT,
                'Altre indicazioni' TEXT,
                'Nazione' TEXT,
                'Telefono' TEXT,
                'Email' TEXT,
                'PEC' TEXT,
                'status' TEXT
                );
            
2023-07-21 19:43:03 DEBUG    md_db.md_create_table() c:\Users\borgonovo_furio\OneDrive - Playtech\Documents\snaitech-dev\Massive docs\md_db.py:49:
	md_create_table - END
2023-07-21 19:43:03 DEBUG    md_db.md_connect_db() c:\Users\borgonovo_furio\OneDrive - Playtech\Documents\snaitech-dev\Massive docs\md_db.py:211:
	md_connect_db - END
2023-07-21 19:43:03 INFO     __main__.<module>() c:\Users\borgonovo_furio\OneDrive - Playtech\Documents\snaitech-dev\Massive docs\md_main.py:29:
	Processing recipients...
2023-07-21 19:45:17 DEBUG    __main__.<module>() c:\Users\borgonovo_furio\OneDrive - Playtech\Documents\snaitech-dev\Massive docs\md_main.py:10:
	this is a debug message
2023-07-21 19:45:17 INFO     __main__.<module>() c:\Users\borgonovo_furio\OneDrive - Playtech\Documents\snaitech-dev\Massive docs\md_main.py:11:
	this is an info message
2023-07-21 19:45:17 WARNING  __main__.<module>() c:\Users\borgonovo_furio\OneDrive - Playtech\Documents\snaitech-dev\Massive docs\md_main.py:12:
	this is a warning message
2023-07-21 19:45:17 ERROR    __main__.<module>() c:\Users\borgonovo_furio\OneDrive - Playtech\Documents\snaitech-dev\Massive docs\md_main.py:13:
	this is an error message
2023-07-21 19:45:17 CRITICAL __main__.<module>() c:\Users\borgonovo_furio\OneDrive - Playtech\Documents\snaitech-dev\Massive docs\md_main.py:14:
	this is a critical message
2023-07-21 19:45:17 INFO     __main__.<module>() c:\Users\borgonovo_furio\OneDrive - Playtech\Documents\snaitech-dev\Massive docs\md_main.py:21:
	

*** STARTING MASSIVE DOCS ***
      23/07/21 19:45:17       

2023-07-21 19:45:17 INFO     __main__.<module>() c:\Users\borgonovo_furio\OneDrive - Playtech\Documents\snaitech-dev\Massive docs\md_main.py:26:
	Creating md_db
2023-07-21 19:45:27 INFO     md_db.md_connect_db() c:\Users\borgonovo_furio\OneDrive - Playtech\Documents\snaitech-dev\Massive docs\md_db.py:52:
	md_connect_db - BEGIN
2023-07-21 19:45:46 DEBUG    md_db.md_connect_db() c:\Users\borgonovo_furio\OneDrive - Playtech\Documents\snaitech-dev\Massive docs\md_db.py:64:
	C:/Users/borgonovo_furio/OneDrive - Playtech/Documents/snaitech-dev/Massive docs/data/md_db.db not present. Creating
2023-07-21 19:45:57 DEBUG    md_db.md_create_table() c:\Users\borgonovo_furio\OneDrive - Playtech\Documents\snaitech-dev\Massive docs\md_db.py:35:
	md_create_table - BEGIN
2023-07-21 19:45:57 DEBUG    md_db.md_create_table() c:\Users\borgonovo_furio\OneDrive - Playtech\Documents\snaitech-dev\Massive docs\md_db.py:40:
	Dropping table RECIPIENTS if exists
2023-07-21 19:45:57 DEBUG    md_db.md_create_table() c:\Users\borgonovo_furio\OneDrive - Playtech\Documents\snaitech-dev\Massive docs\md_db.py:43:
	Creating table in C:/Users/borgonovo_furio/OneDrive - Playtech/Documents/snaitech-dev/Massive docs/data/md_db.db:

CREATE TABLE RECIPIENTS (
                '99' TEXT,
                'RAGIONE SOCIALE' TEXT,
                '_PIVA' TEXT NOT NULL PRIMARY KEY,
                '_CF' TEXT,
                'SEDE' TEXT,
                'Posizione incrociata' TEXT,
                'Posizione Duplicata' TEXT,
                'Crif Number' TEXT,
                'Denominazione' TEXT,
                'Partita Iva' TEXT,
                'REA' TEXT,
                'CCIAA' TEXT,
                'Codice fiscale' TEXT,
                'Indirizzo societa' TEXT,
                'Cap societa' TEXT,
                'Comune societa' TEXT,
                'Frazione societa' TEXT,
                'Provincia societa' TEXT,
                'Regione' TEXT,
                'Stato Impresa Cribis' TEXT,
                'Natura giuridica' TEXT,
                'Tipo natura giuridica' TEXT,
                'dummy' TEXT,
                'Cognome Esponente' TEXT,
                'Nome Esponente' TEXT,
                'Sesso' TEXT,
                'Data di nascita' TEXT,
                'Provincia di Nascita' TEXT,
                'Comune di Nascita' TEXT,
                'Nazione di Nascita' TEXT,
                'Cittadinanza' TEXT,
                'Indirizzo RL' TEXT,
                'CAP RL' TEXT,
                'Comune RL' TEXT,
                'Provincia RL' TEXT,
                'Frazione RL' TEXT,
                'Altre indicazioni' TEXT,
                'Nazione' TEXT,
                'Telefono' TEXT,
                'Email' TEXT,
                'PEC' TEXT,
                'status' TEXT
              );
          
2023-07-21 19:45:57 DEBUG    md_db.md_create_table() c:\Users\borgonovo_furio\OneDrive - Playtech\Documents\snaitech-dev\Massive docs\md_db.py:49:
	md_create_table - END
2023-07-21 19:46:00 DEBUG    md_db.md_create_table() c:\Users\borgonovo_furio\OneDrive - Playtech\Documents\snaitech-dev\Massive docs\md_db.py:35:
	md_create_table - BEGIN
2023-07-21 19:46:00 DEBUG    md_db.md_create_table() c:\Users\borgonovo_furio\OneDrive - Playtech\Documents\snaitech-dev\Massive docs\md_db.py:40:
	Dropping table PROCESSED if exists
2023-07-21 19:46:00 DEBUG    md_db.md_create_table() c:\Users\borgonovo_furio\OneDrive - Playtech\Documents\snaitech-dev\Massive docs\md_db.py:43:
	Creating table in C:/Users/borgonovo_furio/OneDrive - Playtech/Documents/snaitech-dev/Massive docs/data/md_db.db:

CREATE TABLE PROCESSED (
                '99' TEXT,
                'RAGIONE SOCIALE' TEXT,
                '_PIVA' TEXT NOT NULL PRIMARY KEY,
                '_CF' TEXT,
                'SEDE' TEXT,
                'Posizione incrociata' TEXT,
                'Posizione Duplicata' TEXT,
                'Crif Number' TEXT,
                'Denominazione' TEXT,
                'Partita Iva' TEXT,
                'REA' TEXT,
                'CCIAA' TEXT,
                'Codice fiscale' TEXT,
                'Indirizzo societa' TEXT,
                'Cap societa' TEXT,
                'Comune societa' TEXT,
                'Frazione societa' TEXT,
                'Provincia societa' TEXT,
                'Regione' TEXT,
                'Stato Impresa Cribis' TEXT,
                'Natura giuridica' TEXT,
                'Tipo natura giuridica' TEXT,
                'dummy' TEXT,
                'Cognome Esponente' TEXT,
                'Nome Esponente' TEXT,
                'Sesso' TEXT,
                'Data di nascita' TEXT,
                'Provincia di Nascita' TEXT,
                'Comune di Nascita' TEXT,
                'Nazione di Nascita' TEXT,
                'Cittadinanza' TEXT,
                'Indirizzo RL' TEXT,
                'CAP RL' TEXT,
                'Comune RL' TEXT,
                'Provincia RL' TEXT,
                'Frazione RL' TEXT,
                'Altre indicazioni' TEXT,
                'Nazione' TEXT,
                'Telefono' TEXT,
                'Email' TEXT,
                'PEC' TEXT,
                'status' TEXT
                );
            
2023-07-21 19:46:00 DEBUG    md_db.md_create_table() c:\Users\borgonovo_furio\OneDrive - Playtech\Documents\snaitech-dev\Massive docs\md_db.py:49:
	md_create_table - END
2023-07-21 19:46:03 DEBUG    md_db.md_create_table() c:\Users\borgonovo_furio\OneDrive - Playtech\Documents\snaitech-dev\Massive docs\md_db.py:35:
	md_create_table - BEGIN
2023-07-21 19:46:03 DEBUG    md_db.md_create_table() c:\Users\borgonovo_furio\OneDrive - Playtech\Documents\snaitech-dev\Massive docs\md_db.py:40:
	Dropping table ANOMALIES if exists
2023-07-21 19:46:03 DEBUG    md_db.md_create_table() c:\Users\borgonovo_furio\OneDrive - Playtech\Documents\snaitech-dev\Massive docs\md_db.py:43:
	Creating table in C:/Users/borgonovo_furio/OneDrive - Playtech/Documents/snaitech-dev/Massive docs/data/md_db.db:

CREATE TABLE ANOMALIES (
                '99' TEXT,
                'RAGIONE SOCIALE' TEXT,
                '_PIVA' TEXT NOT NULL PRIMARY KEY,
                '_CF' TEXT,
                'SEDE' TEXT,
                'Posizione incrociata' TEXT,
                'Posizione Duplicata' TEXT,
                'Crif Number' TEXT,
                'Denominazione' TEXT,
                'Partita Iva' TEXT,
                'REA' TEXT,
                'CCIAA' TEXT,
                'Codice fiscale' TEXT,
                'Indirizzo societa' TEXT,
                'Cap societa' TEXT,
                'Comune societa' TEXT,
                'Frazione societa' TEXT,
                'Provincia societa' TEXT,
                'Regione' TEXT,
                'Stato Impresa Cribis' TEXT,
                'Natura giuridica' TEXT,
                'Tipo natura giuridica' TEXT,
                'dummy' TEXT,
                'Cognome Esponente' TEXT,
                'Nome Esponente' TEXT,
                'Sesso' TEXT,
                'Data di nascita' TEXT,
                'Provincia di Nascita' TEXT,
                'Comune di Nascita' TEXT,
                'Nazione di Nascita' TEXT,
                'Cittadinanza' TEXT,
                'Indirizzo RL' TEXT,
                'CAP RL' TEXT,
                'Comune RL' TEXT,
                'Provincia RL' TEXT,
                'Frazione RL' TEXT,
                'Altre indicazioni' TEXT,
                'Nazione' TEXT,
                'Telefono' TEXT,
                'Email' TEXT,
                'PEC' TEXT,
                'status' TEXT
                );
            
2023-07-21 19:46:03 DEBUG    md_db.md_create_table() c:\Users\borgonovo_furio\OneDrive - Playtech\Documents\snaitech-dev\Massive docs\md_db.py:49:
	md_create_table - END
2023-07-21 19:46:06 DEBUG    md_db.md_connect_db() c:\Users\borgonovo_furio\OneDrive - Playtech\Documents\snaitech-dev\Massive docs\md_db.py:211:
	md_connect_db - END
2023-07-21 20:11:06 DEBUG    __main__.<module>() c:\Users\borgonovo_furio\OneDrive - Playtech\Documents\snaitech-dev\Massive docs\md_main.py:10:
	this is a debug message
2023-07-21 20:11:06 INFO     __main__.<module>() c:\Users\borgonovo_furio\OneDrive - Playtech\Documents\snaitech-dev\Massive docs\md_main.py:11:
	this is an info message
2023-07-21 20:11:06 WARNING  __main__.<module>() c:\Users\borgonovo_furio\OneDrive - Playtech\Documents\snaitech-dev\Massive docs\md_main.py:12:
	this is a warning message
2023-07-21 20:11:06 ERROR    __main__.<module>() c:\Users\borgonovo_furio\OneDrive - Playtech\Documents\snaitech-dev\Massive docs\md_main.py:13:
	this is an error message
2023-07-21 20:11:06 CRITICAL __main__.<module>() c:\Users\borgonovo_furio\OneDrive - Playtech\Documents\snaitech-dev\Massive docs\md_main.py:14:
	this is a critical message
2023-07-21 20:11:06 INFO     __main__.<module>() c:\Users\borgonovo_furio\OneDrive - Playtech\Documents\snaitech-dev\Massive docs\md_main.py:21:
	

*** STARTING MASSIVE DOCS ***
      23/07/21 20:11:06       

2023-07-21 20:11:06 INFO     __main__.<module>() c:\Users\borgonovo_furio\OneDrive - Playtech\Documents\snaitech-dev\Massive docs\md_main.py:26:
	Creating md_db
2023-07-21 20:11:06 DEBUG    md_db.md_connect_db() c:\Users\borgonovo_furio\OneDrive - Playtech\Documents\snaitech-dev\Massive docs\md_db.py:52:
	md_connect_db - BEGIN
2023-07-21 20:11:06 INFO     md_db.md_connect_db() c:\Users\borgonovo_furio\OneDrive - Playtech\Documents\snaitech-dev\Massive docs\md_db.py:58:
	Connected to an existing md DB
2023-07-21 20:11:06 INFO     md_db.md_connect_db() c:\Users\borgonovo_furio\OneDrive - Playtech\Documents\snaitech-dev\Massive docs\md_db.py:60:
	Truncate all tables in md DB
2023-07-21 20:11:06 DEBUG    md_db.md_truncate_all() c:\Users\borgonovo_furio\OneDrive - Playtech\Documents\snaitech-dev\Massive docs\md_db.py:26:
	md_truncate_all - BEGIN
2023-07-21 20:11:06 DEBUG    md_db.md_truncate_table() c:\Users\borgonovo_furio\OneDrive - Playtech\Documents\snaitech-dev\Massive docs\md_db.py:11:
	md_truncate_table - BEGIN
2023-07-21 20:11:06 INFO     md_db.md_truncate_table() c:\Users\borgonovo_furio\OneDrive - Playtech\Documents\snaitech-dev\Massive docs\md_db.py:18:
	
RECIPIENTS table truncated:
DELETE FROM RECIPIENTS;
2023-07-21 20:11:06 DEBUG    md_db.md_truncate_table() c:\Users\borgonovo_furio\OneDrive - Playtech\Documents\snaitech-dev\Massive docs\md_db.py:23:
	md_truncate_table - END
2023-07-21 20:11:06 DEBUG    md_db.md_truncate_table() c:\Users\borgonovo_furio\OneDrive - Playtech\Documents\snaitech-dev\Massive docs\md_db.py:11:
	md_truncate_table - BEGIN
2023-07-21 20:11:06 INFO     md_db.md_truncate_table() c:\Users\borgonovo_furio\OneDrive - Playtech\Documents\snaitech-dev\Massive docs\md_db.py:18:
	
PROCESSED table truncated:
DELETE FROM PROCESSED;
2023-07-21 20:11:06 DEBUG    md_db.md_truncate_table() c:\Users\borgonovo_furio\OneDrive - Playtech\Documents\snaitech-dev\Massive docs\md_db.py:23:
	md_truncate_table - END
2023-07-21 20:11:06 DEBUG    md_db.md_truncate_table() c:\Users\borgonovo_furio\OneDrive - Playtech\Documents\snaitech-dev\Massive docs\md_db.py:11:
	md_truncate_table - BEGIN
2023-07-21 20:11:06 INFO     md_db.md_truncate_table() c:\Users\borgonovo_furio\OneDrive - Playtech\Documents\snaitech-dev\Massive docs\md_db.py:18:
	
ANOMALIES table truncated:
DELETE FROM ANOMALIES;
2023-07-21 20:11:06 DEBUG    md_db.md_truncate_table() c:\Users\borgonovo_furio\OneDrive - Playtech\Documents\snaitech-dev\Massive docs\md_db.py:23:
	md_truncate_table - END
2023-07-21 20:11:06 DEBUG    md_db.md_truncate_all() c:\Users\borgonovo_furio\OneDrive - Playtech\Documents\snaitech-dev\Massive docs\md_db.py:32:
	md_truncate_all - END
2023-07-21 20:11:06 DEBUG    md_db.md_connect_db() c:\Users\borgonovo_furio\OneDrive - Playtech\Documents\snaitech-dev\Massive docs\md_db.py:211:
	md_connect_db - END
2023-07-21 20:11:06 INFO     __main__.<module>() c:\Users\borgonovo_furio\OneDrive - Playtech\Documents\snaitech-dev\Massive docs\md_main.py:29:
	Processing recipients...
2023-07-21 20:11:06 DEBUG    md_process_recipients.md_process_recipients() c:\Users\borgonovo_furio\OneDrive - Playtech\Documents\snaitech-dev\Massive docs\md_process_recipients.py:74:
	md_process_recipients - BEGIN
2023-07-21 20:11:06 DEBUG    md_process_recipients.md_process_recipients() c:\Users\borgonovo_furio\OneDrive - Playtech\Documents\snaitech-dev\Massive docs\md_process_recipients.py:81:
	Reading records from: C:/Users/borgonovo_furio/OneDrive - Playtech/Documents/snaitech-dev/Massive docs/data/_contacts work - partial.xlsx
2023-07-21 20:11:06 DEBUG    md_process_recipients.md_process_recipients() c:\Users\borgonovo_furio\OneDrive - Playtech\Documents\snaitech-dev\Massive docs\md_process_recipients.py:82:
	TAB: Imprese_File clean - COLS: ALL)
2023-07-21 20:11:08 DEBUG    md_process_recipients.md_process_recipients() c:\Users\borgonovo_furio\OneDrive - Playtech\Documents\snaitech-dev\Massive docs\md_process_recipients.py:97:
	Processing record #0: 02278450396, BLACK CAFE' DI HU ZHIGE, 3315003168, 1017108343@qq.com;  , -
2023-07-21 20:11:08 DEBUG    md_process_recipients.md_process_recipients() c:\Users\borgonovo_furio\OneDrive - Playtech\Documents\snaitech-dev\Massive docs\md_process_recipients.py:155:
	Record #0/1 successful inserted into RECIPIENTS table.
2023-07-21 20:11:08 DEBUG    md_process_recipients.md_check_email() c:\Users\borgonovo_furio\OneDrive - Playtech\Documents\snaitech-dev\Massive docs\md_process_recipients.py:14:
	md_check_email - BEGIN
2023-07-21 20:11:08 DEBUG    md_process_recipients.md_check_email() c:\Users\borgonovo_furio\OneDrive - Playtech\Documents\snaitech-dev\Massive docs\md_process_recipients.py:20:
	md_check_email: email found -> 1017108343@qq.com
2023-07-21 20:11:08 DEBUG    md_process_recipients.md_check_email() c:\Users\borgonovo_furio\OneDrive - Playtech\Documents\snaitech-dev\Massive docs\md_process_recipients.py:32:
	md_check_email - END
2023-07-21 20:11:08 DEBUG    md_process_recipients.md_process_record() c:\Users\borgonovo_furio\OneDrive - Playtech\Documents\snaitech-dev\Massive docs\md_process_recipients.py:50:
	

md_process_record - BEGIN
2023-07-21 20:11:08 DEBUG    md_process_recipients.md_send_record() c:\Users\borgonovo_furio\OneDrive - Playtech\Documents\snaitech-dev\Massive docs\md_process_recipients.py:37:
	md_send_record - BEGIN
2023-07-21 20:11:08 DEBUG    md_process_recipients.md_send_record() c:\Users\borgonovo_furio\OneDrive - Playtech\Documents\snaitech-dev\Massive docs\md_process_recipients.py:39:
	Sending record: 02278450396, BLACK CAFE' DI HU ZHIGE, 3315003168, 1017108343@qq.com
2023-07-21 20:11:08 DEBUG    md_insert_dossier.md_insert_dossier() c:\Users\borgonovo_furio\OneDrive - Playtech\Documents\snaitech-dev\Massive docs\md_insert_dossier.py:136:
	md_insert_dossier - BEGIN
2023-07-21 20:11:08 DEBUG    md_insert_dossier.md_insert_dossier() c:\Users\borgonovo_furio\OneDrive - Playtech\Documents\snaitech-dev\Massive docs\md_insert_dossier.py:154:
	Dossier inserted: Document signature (Diego Zorro)
2023-07-21 20:11:08 DEBUG    md_insert_dossier.md_insert_dossier() c:\Users\borgonovo_furio\OneDrive - Playtech\Documents\snaitech-dev\Massive docs\md_insert_dossier.py:156:
	                  {{Doc1_Title}}
2023-07-21 20:11:08 DEBUG    md_insert_dossier.md_insert_dossier() c:\Users\borgonovo_furio\OneDrive - Playtech\Documents\snaitech-dev\Massive docs\md_insert_dossier.py:158:
	                  {{Stranger_email}}U
2023-07-21 20:11:08 DEBUG    md_insert_dossier.md_insert_dossier() c:\Users\borgonovo_furio\OneDrive - Playtech\Documents\snaitech-dev\Massive docs\md_insert_dossier.py:160:
	                  {{EnvelopeID}}_01
2023-07-21 20:11:08 DEBUG    md_insert_dossier.md_insert_dossier() c:\Users\borgonovo_furio\OneDrive - Playtech\Documents\snaitech-dev\Massive docs\md_insert_dossier.py:161:
	                  SIGN
2023-07-21 20:11:08 DEBUG    md_insert_dossier.md_insert_dossier() c:\Users\borgonovo_furio\OneDrive - Playtech\Documents\snaitech-dev\Massive docs\md_insert_dossier.py:179:
	md_insert_dossier - END
2023-07-21 20:11:08 DEBUG    md_process_recipients.md_send_record() c:\Users\borgonovo_furio\OneDrive - Playtech\Documents\snaitech-dev\Massive docs\md_process_recipients.py:45:
	md_send_record - END
2023-07-21 20:11:08 DEBUG    md_process_recipients.md_process_record() c:\Users\borgonovo_furio\OneDrive - Playtech\Documents\snaitech-dev\Massive docs\md_process_recipients.py:55:
	Record processed: 02278450396, 1017108343@qq.com, 0
2023-07-21 20:11:08 DEBUG    md_db.md_query() c:\Users\borgonovo_furio\OneDrive - Playtech\Documents\snaitech-dev\Massive docs\md_db.py:273:
	Querying mm DB: SELECT * FROM PROCESSED WHERE _PIVA == '02278450396'
2023-07-21 20:11:08 DEBUG    md_db.md_query() c:\Users\borgonovo_furio\OneDrive - Playtech\Documents\snaitech-dev\Massive docs\md_db.py:294:
	Record with partita IVA #02278450396 found
2023-07-21 20:11:08 DEBUG    md_process_recipients.md_process_record() c:\Users\borgonovo_furio\OneDrive - Playtech\Documents\snaitech-dev\Massive docs\md_process_recipients.py:67:
	Record inserted: 02278450396, 1017108343@qq.com;  , 0
2023-07-21 20:11:08 DEBUG    md_process_recipients.md_process_record() c:\Users\borgonovo_furio\OneDrive - Playtech\Documents\snaitech-dev\Massive docs\md_process_recipients.py:69:
	md_process_record - END

2023-07-21 20:11:08 INFO     md_process_recipients.md_process_recipients() c:\Users\borgonovo_furio\OneDrive - Playtech\Documents\snaitech-dev\Massive docs\md_process_recipients.py:166:
	Record #0: 0, 02278450396, BLACK CAFE' DI HU ZHIGE, 3315003168, 1017108343@qq.com
2023-07-21 20:11:08 DEBUG    md_process_recipients.md_process_recipients() c:\Users\borgonovo_furio\OneDrive - Playtech\Documents\snaitech-dev\Massive docs\md_process_recipients.py:97:
	Processing record #1: 02594430353, HAPPY HOUR DI WU SHIJIN, 0522620048 - 3298482508, 104190885@qq.com;  , -
2023-07-21 20:11:08 DEBUG    md_process_recipients.md_process_recipients() c:\Users\borgonovo_furio\OneDrive - Playtech\Documents\snaitech-dev\Massive docs\md_process_recipients.py:155:
	Record #1/2 successful inserted into RECIPIENTS table.
2023-07-21 20:11:08 DEBUG    md_process_recipients.md_check_email() c:\Users\borgonovo_furio\OneDrive - Playtech\Documents\snaitech-dev\Massive docs\md_process_recipients.py:14:
	md_check_email - BEGIN
2023-07-21 20:11:08 DEBUG    md_process_recipients.md_check_email() c:\Users\borgonovo_furio\OneDrive - Playtech\Documents\snaitech-dev\Massive docs\md_process_recipients.py:20:
	md_check_email: email found -> 104190885@qq.com
2023-07-21 20:11:08 DEBUG    md_process_recipients.md_check_email() c:\Users\borgonovo_furio\OneDrive - Playtech\Documents\snaitech-dev\Massive docs\md_process_recipients.py:32:
	md_check_email - END
2023-07-21 20:11:08 DEBUG    md_process_recipients.md_process_record() c:\Users\borgonovo_furio\OneDrive - Playtech\Documents\snaitech-dev\Massive docs\md_process_recipients.py:50:
	

md_process_record - BEGIN
2023-07-21 20:11:08 DEBUG    md_process_recipients.md_send_record() c:\Users\borgonovo_furio\OneDrive - Playtech\Documents\snaitech-dev\Massive docs\md_process_recipients.py:37:
	md_send_record - BEGIN
2023-07-21 20:11:08 DEBUG    md_process_recipients.md_send_record() c:\Users\borgonovo_furio\OneDrive - Playtech\Documents\snaitech-dev\Massive docs\md_process_recipients.py:39:
	Sending record: 02594430353, HAPPY HOUR DI WU SHIJIN, 0522620048 - 3298482508, 104190885@qq.com
2023-07-21 20:11:08 DEBUG    md_insert_dossier.md_insert_dossier() c:\Users\borgonovo_furio\OneDrive - Playtech\Documents\snaitech-dev\Massive docs\md_insert_dossier.py:136:
	md_insert_dossier - BEGIN
2023-07-21 20:11:08 DEBUG    md_insert_dossier.md_insert_dossier() c:\Users\borgonovo_furio\OneDrive - Playtech\Documents\snaitech-dev\Massive docs\md_insert_dossier.py:154:
	Dossier inserted: Document signature (Diego Zorro)
2023-07-21 20:11:08 DEBUG    md_insert_dossier.md_insert_dossier() c:\Users\borgonovo_furio\OneDrive - Playtech\Documents\snaitech-dev\Massive docs\md_insert_dossier.py:156:
	                  {{Doc1_Title}}
2023-07-21 20:11:08 DEBUG    md_insert_dossier.md_insert_dossier() c:\Users\borgonovo_furio\OneDrive - Playtech\Documents\snaitech-dev\Massive docs\md_insert_dossier.py:158:
	                  {{Stranger_email}}U
2023-07-21 20:11:08 DEBUG    md_insert_dossier.md_insert_dossier() c:\Users\borgonovo_furio\OneDrive - Playtech\Documents\snaitech-dev\Massive docs\md_insert_dossier.py:160:
	                  {{EnvelopeID}}_01
2023-07-21 20:11:08 DEBUG    md_insert_dossier.md_insert_dossier() c:\Users\borgonovo_furio\OneDrive - Playtech\Documents\snaitech-dev\Massive docs\md_insert_dossier.py:161:
	                  SIGN
2023-07-21 20:11:08 DEBUG    md_insert_dossier.md_insert_dossier() c:\Users\borgonovo_furio\OneDrive - Playtech\Documents\snaitech-dev\Massive docs\md_insert_dossier.py:179:
	md_insert_dossier - END
2023-07-21 20:11:08 DEBUG    md_process_recipients.md_send_record() c:\Users\borgonovo_furio\OneDrive - Playtech\Documents\snaitech-dev\Massive docs\md_process_recipients.py:45:
	md_send_record - END
2023-07-21 20:11:08 DEBUG    md_process_recipients.md_process_record() c:\Users\borgonovo_furio\OneDrive - Playtech\Documents\snaitech-dev\Massive docs\md_process_recipients.py:55:
	Record processed: 02594430353, 104190885@qq.com, 0
2023-07-21 20:11:08 DEBUG    md_db.md_query() c:\Users\borgonovo_furio\OneDrive - Playtech\Documents\snaitech-dev\Massive docs\md_db.py:273:
	Querying mm DB: SELECT * FROM PROCESSED WHERE _PIVA == '02594430353'
2023-07-21 20:11:08 DEBUG    md_db.md_query() c:\Users\borgonovo_furio\OneDrive - Playtech\Documents\snaitech-dev\Massive docs\md_db.py:294:
	Record with partita IVA #02594430353 found
2023-07-21 20:11:08 DEBUG    md_process_recipients.md_process_record() c:\Users\borgonovo_furio\OneDrive - Playtech\Documents\snaitech-dev\Massive docs\md_process_recipients.py:67:
	Record inserted: 02594430353, 104190885@qq.com;  , 0
2023-07-21 20:11:08 DEBUG    md_process_recipients.md_process_record() c:\Users\borgonovo_furio\OneDrive - Playtech\Documents\snaitech-dev\Massive docs\md_process_recipients.py:69:
	md_process_record - END

2023-07-21 20:11:08 INFO     md_process_recipients.md_process_recipients() c:\Users\borgonovo_furio\OneDrive - Playtech\Documents\snaitech-dev\Massive docs\md_process_recipients.py:166:
	Record #1: 1, 02594430353, HAPPY HOUR DI WU SHIJIN, 0522620048 - 3298482508, 104190885@qq.com
2023-07-21 20:11:08 DEBUG    md_process_recipients.md_process_recipients() c:\Users\borgonovo_furio\OneDrive - Playtech\Documents\snaitech-dev\Massive docs\md_process_recipients.py:97:
	Processing record #2: 02023600477, SALA SLOT ROYAL SRL, 3331226767, 1135204976@QQ.COM;  , -
2023-07-21 20:11:08 DEBUG    md_process_recipients.md_process_recipients() c:\Users\borgonovo_furio\OneDrive - Playtech\Documents\snaitech-dev\Massive docs\md_process_recipients.py:155:
	Record #2/3 successful inserted into RECIPIENTS table.
2023-07-21 20:11:08 DEBUG    md_process_recipients.md_check_email() c:\Users\borgonovo_furio\OneDrive - Playtech\Documents\snaitech-dev\Massive docs\md_process_recipients.py:14:
	md_check_email - BEGIN
2023-07-21 20:11:08 DEBUG    md_process_recipients.md_check_email() c:\Users\borgonovo_furio\OneDrive - Playtech\Documents\snaitech-dev\Massive docs\md_process_recipients.py:20:
	md_check_email: email found -> 1135204976@QQ.COM
2023-07-21 20:11:08 DEBUG    md_process_recipients.md_check_email() c:\Users\borgonovo_furio\OneDrive - Playtech\Documents\snaitech-dev\Massive docs\md_process_recipients.py:32:
	md_check_email - END
2023-07-21 20:11:08 DEBUG    md_process_recipients.md_process_record() c:\Users\borgonovo_furio\OneDrive - Playtech\Documents\snaitech-dev\Massive docs\md_process_recipients.py:50:
	

md_process_record - BEGIN
2023-07-21 20:11:08 DEBUG    md_process_recipients.md_send_record() c:\Users\borgonovo_furio\OneDrive - Playtech\Documents\snaitech-dev\Massive docs\md_process_recipients.py:37:
	md_send_record - BEGIN
2023-07-21 20:11:08 DEBUG    md_process_recipients.md_send_record() c:\Users\borgonovo_furio\OneDrive - Playtech\Documents\snaitech-dev\Massive docs\md_process_recipients.py:39:
	Sending record: 02023600477, SALA SLOT ROYAL SRL, 3331226767, 1135204976@QQ.COM
2023-07-21 20:11:08 DEBUG    md_insert_dossier.md_insert_dossier() c:\Users\borgonovo_furio\OneDrive - Playtech\Documents\snaitech-dev\Massive docs\md_insert_dossier.py:136:
	md_insert_dossier - BEGIN
2023-07-21 20:11:08 DEBUG    md_insert_dossier.md_insert_dossier() c:\Users\borgonovo_furio\OneDrive - Playtech\Documents\snaitech-dev\Massive docs\md_insert_dossier.py:154:
	Dossier inserted: Document signature (Diego Zorro)
2023-07-21 20:11:08 DEBUG    md_insert_dossier.md_insert_dossier() c:\Users\borgonovo_furio\OneDrive - Playtech\Documents\snaitech-dev\Massive docs\md_insert_dossier.py:156:
	                  {{Doc1_Title}}
2023-07-21 20:11:08 DEBUG    md_insert_dossier.md_insert_dossier() c:\Users\borgonovo_furio\OneDrive - Playtech\Documents\snaitech-dev\Massive docs\md_insert_dossier.py:158:
	                  {{Stranger_email}}U
2023-07-21 20:11:08 DEBUG    md_insert_dossier.md_insert_dossier() c:\Users\borgonovo_furio\OneDrive - Playtech\Documents\snaitech-dev\Massive docs\md_insert_dossier.py:160:
	                  {{EnvelopeID}}_01
2023-07-21 20:11:08 DEBUG    md_insert_dossier.md_insert_dossier() c:\Users\borgonovo_furio\OneDrive - Playtech\Documents\snaitech-dev\Massive docs\md_insert_dossier.py:161:
	                  SIGN
2023-07-21 20:11:08 DEBUG    md_insert_dossier.md_insert_dossier() c:\Users\borgonovo_furio\OneDrive - Playtech\Documents\snaitech-dev\Massive docs\md_insert_dossier.py:179:
	md_insert_dossier - END
2023-07-21 20:11:08 DEBUG    md_process_recipients.md_send_record() c:\Users\borgonovo_furio\OneDrive - Playtech\Documents\snaitech-dev\Massive docs\md_process_recipients.py:45:
	md_send_record - END
2023-07-21 20:11:08 DEBUG    md_process_recipients.md_process_record() c:\Users\borgonovo_furio\OneDrive - Playtech\Documents\snaitech-dev\Massive docs\md_process_recipients.py:55:
	Record processed: 02023600477, 1135204976@QQ.COM, 0
2023-07-21 20:11:08 DEBUG    md_db.md_query() c:\Users\borgonovo_furio\OneDrive - Playtech\Documents\snaitech-dev\Massive docs\md_db.py:273:
	Querying mm DB: SELECT * FROM PROCESSED WHERE _PIVA == '02023600477'
2023-07-21 20:11:08 DEBUG    md_db.md_query() c:\Users\borgonovo_furio\OneDrive - Playtech\Documents\snaitech-dev\Massive docs\md_db.py:294:
	Record with partita IVA #02023600477 found
2023-07-21 20:11:08 DEBUG    md_process_recipients.md_process_record() c:\Users\borgonovo_furio\OneDrive - Playtech\Documents\snaitech-dev\Massive docs\md_process_recipients.py:67:
	Record inserted: 02023600477, 1135204976@QQ.COM;  , 0
2023-07-21 20:11:08 DEBUG    md_process_recipients.md_process_record() c:\Users\borgonovo_furio\OneDrive - Playtech\Documents\snaitech-dev\Massive docs\md_process_recipients.py:69:
	md_process_record - END

2023-07-21 20:11:08 INFO     md_process_recipients.md_process_recipients() c:\Users\borgonovo_furio\OneDrive - Playtech\Documents\snaitech-dev\Massive docs\md_process_recipients.py:166:
	Record #2: 2, 02023600477, SALA SLOT ROYAL SRL, 3331226767, 1135204976@QQ.COM
2023-07-21 20:11:08 DEBUG    md_process_recipients.md_process_recipients() c:\Users\borgonovo_furio\OneDrive - Playtech\Documents\snaitech-dev\Massive docs\md_process_recipients.py:97:
	Processing record #3: 02470750973, LUCKY GAMES DI LIU FANGFANG & C. SAS, 3331226767, 1135204976@qq.com;  , -
2023-07-21 20:11:08 DEBUG    md_process_recipients.md_process_recipients() c:\Users\borgonovo_furio\OneDrive - Playtech\Documents\snaitech-dev\Massive docs\md_process_recipients.py:155:
	Record #3/4 successful inserted into RECIPIENTS table.
2023-07-21 20:11:08 DEBUG    md_process_recipients.md_check_email() c:\Users\borgonovo_furio\OneDrive - Playtech\Documents\snaitech-dev\Massive docs\md_process_recipients.py:14:
	md_check_email - BEGIN
2023-07-21 20:11:08 DEBUG    md_process_recipients.md_check_email() c:\Users\borgonovo_furio\OneDrive - Playtech\Documents\snaitech-dev\Massive docs\md_process_recipients.py:20:
	md_check_email: email found -> 1135204976@qq.com
2023-07-21 20:11:08 DEBUG    md_process_recipients.md_check_email() c:\Users\borgonovo_furio\OneDrive - Playtech\Documents\snaitech-dev\Massive docs\md_process_recipients.py:32:
	md_check_email - END
2023-07-21 20:11:08 DEBUG    md_process_recipients.md_process_record() c:\Users\borgonovo_furio\OneDrive - Playtech\Documents\snaitech-dev\Massive docs\md_process_recipients.py:50:
	

md_process_record - BEGIN
2023-07-21 20:11:08 DEBUG    md_process_recipients.md_send_record() c:\Users\borgonovo_furio\OneDrive - Playtech\Documents\snaitech-dev\Massive docs\md_process_recipients.py:37:
	md_send_record - BEGIN
2023-07-21 20:11:08 DEBUG    md_process_recipients.md_send_record() c:\Users\borgonovo_furio\OneDrive - Playtech\Documents\snaitech-dev\Massive docs\md_process_recipients.py:39:
	Sending record: 02470750973, LUCKY GAMES DI LIU FANGFANG & C. SAS, 3331226767, 1135204976@qq.com
2023-07-21 20:11:08 DEBUG    md_insert_dossier.md_insert_dossier() c:\Users\borgonovo_furio\OneDrive - Playtech\Documents\snaitech-dev\Massive docs\md_insert_dossier.py:136:
	md_insert_dossier - BEGIN
2023-07-21 20:11:08 DEBUG    md_insert_dossier.md_insert_dossier() c:\Users\borgonovo_furio\OneDrive - Playtech\Documents\snaitech-dev\Massive docs\md_insert_dossier.py:154:
	Dossier inserted: Document signature (Diego Zorro)
2023-07-21 20:11:08 DEBUG    md_insert_dossier.md_insert_dossier() c:\Users\borgonovo_furio\OneDrive - Playtech\Documents\snaitech-dev\Massive docs\md_insert_dossier.py:156:
	                  {{Doc1_Title}}
2023-07-21 20:11:08 DEBUG    md_insert_dossier.md_insert_dossier() c:\Users\borgonovo_furio\OneDrive - Playtech\Documents\snaitech-dev\Massive docs\md_insert_dossier.py:158:
	                  {{Stranger_email}}U
2023-07-21 20:11:08 DEBUG    md_insert_dossier.md_insert_dossier() c:\Users\borgonovo_furio\OneDrive - Playtech\Documents\snaitech-dev\Massive docs\md_insert_dossier.py:160:
	                  {{EnvelopeID}}_01
2023-07-21 20:11:08 DEBUG    md_insert_dossier.md_insert_dossier() c:\Users\borgonovo_furio\OneDrive - Playtech\Documents\snaitech-dev\Massive docs\md_insert_dossier.py:161:
	                  SIGN
2023-07-21 20:11:08 DEBUG    md_insert_dossier.md_insert_dossier() c:\Users\borgonovo_furio\OneDrive - Playtech\Documents\snaitech-dev\Massive docs\md_insert_dossier.py:179:
	md_insert_dossier - END
2023-07-21 20:11:08 DEBUG    md_process_recipients.md_send_record() c:\Users\borgonovo_furio\OneDrive - Playtech\Documents\snaitech-dev\Massive docs\md_process_recipients.py:45:
	md_send_record - END
2023-07-21 20:11:08 DEBUG    md_process_recipients.md_process_record() c:\Users\borgonovo_furio\OneDrive - Playtech\Documents\snaitech-dev\Massive docs\md_process_recipients.py:55:
	Record processed: 02470750973, 1135204976@qq.com, 0
2023-07-21 20:11:08 DEBUG    md_db.md_query() c:\Users\borgonovo_furio\OneDrive - Playtech\Documents\snaitech-dev\Massive docs\md_db.py:273:
	Querying mm DB: SELECT * FROM PROCESSED WHERE _PIVA == '02470750973'
2023-07-21 20:11:08 DEBUG    md_db.md_query() c:\Users\borgonovo_furio\OneDrive - Playtech\Documents\snaitech-dev\Massive docs\md_db.py:294:
	Record with partita IVA #02470750973 found
2023-07-21 20:11:08 DEBUG    md_process_recipients.md_process_record() c:\Users\borgonovo_furio\OneDrive - Playtech\Documents\snaitech-dev\Massive docs\md_process_recipients.py:67:
	Record inserted: 02470750973, 1135204976@qq.com;  , 0
2023-07-21 20:11:08 DEBUG    md_process_recipients.md_process_record() c:\Users\borgonovo_furio\OneDrive - Playtech\Documents\snaitech-dev\Massive docs\md_process_recipients.py:69:
	md_process_record - END

2023-07-21 20:11:08 INFO     md_process_recipients.md_process_recipients() c:\Users\borgonovo_furio\OneDrive - Playtech\Documents\snaitech-dev\Massive docs\md_process_recipients.py:166:
	Record #3: 3, 02470750973, LUCKY GAMES DI LIU FANGFANG & C. SAS, 3331226767, 1135204976@qq.com
2023-07-21 20:11:08 DEBUG    md_process_recipients.md_process_recipients() c:\Users\borgonovo_furio\OneDrive - Playtech\Documents\snaitech-dev\Massive docs\md_process_recipients.py:97:
	Processing record #4: 03063650125, SALA VLT 168 DI ZHANG XIANGYANG, 3331226767, 1135204976@qq.com;  , -
2023-07-21 20:11:08 DEBUG    md_process_recipients.md_process_recipients() c:\Users\borgonovo_furio\OneDrive - Playtech\Documents\snaitech-dev\Massive docs\md_process_recipients.py:155:
	Record #4/5 successful inserted into RECIPIENTS table.
2023-07-21 20:11:08 DEBUG    md_process_recipients.md_check_email() c:\Users\borgonovo_furio\OneDrive - Playtech\Documents\snaitech-dev\Massive docs\md_process_recipients.py:14:
	md_check_email - BEGIN
2023-07-21 20:11:08 DEBUG    md_process_recipients.md_check_email() c:\Users\borgonovo_furio\OneDrive - Playtech\Documents\snaitech-dev\Massive docs\md_process_recipients.py:20:
	md_check_email: email found -> 1135204976@qq.com
2023-07-21 20:11:08 DEBUG    md_process_recipients.md_check_email() c:\Users\borgonovo_furio\OneDrive - Playtech\Documents\snaitech-dev\Massive docs\md_process_recipients.py:32:
	md_check_email - END
2023-07-21 20:11:08 DEBUG    md_process_recipients.md_process_record() c:\Users\borgonovo_furio\OneDrive - Playtech\Documents\snaitech-dev\Massive docs\md_process_recipients.py:50:
	

md_process_record - BEGIN
2023-07-21 20:11:08 DEBUG    md_process_recipients.md_send_record() c:\Users\borgonovo_furio\OneDrive - Playtech\Documents\snaitech-dev\Massive docs\md_process_recipients.py:37:
	md_send_record - BEGIN
2023-07-21 20:11:08 DEBUG    md_process_recipients.md_send_record() c:\Users\borgonovo_furio\OneDrive - Playtech\Documents\snaitech-dev\Massive docs\md_process_recipients.py:39:
	Sending record: 03063650125, SALA VLT 168 DI ZHANG XIANGYANG, 3331226767, 1135204976@qq.com
2023-07-21 20:11:08 DEBUG    md_insert_dossier.md_insert_dossier() c:\Users\borgonovo_furio\OneDrive - Playtech\Documents\snaitech-dev\Massive docs\md_insert_dossier.py:136:
	md_insert_dossier - BEGIN
2023-07-21 20:11:08 DEBUG    md_insert_dossier.md_insert_dossier() c:\Users\borgonovo_furio\OneDrive - Playtech\Documents\snaitech-dev\Massive docs\md_insert_dossier.py:154:
	Dossier inserted: Document signature (Diego Zorro)
2023-07-21 20:11:08 DEBUG    md_insert_dossier.md_insert_dossier() c:\Users\borgonovo_furio\OneDrive - Playtech\Documents\snaitech-dev\Massive docs\md_insert_dossier.py:156:
	                  {{Doc1_Title}}
2023-07-21 20:11:08 DEBUG    md_insert_dossier.md_insert_dossier() c:\Users\borgonovo_furio\OneDrive - Playtech\Documents\snaitech-dev\Massive docs\md_insert_dossier.py:158:
	                  {{Stranger_email}}U
2023-07-21 20:11:08 DEBUG    md_insert_dossier.md_insert_dossier() c:\Users\borgonovo_furio\OneDrive - Playtech\Documents\snaitech-dev\Massive docs\md_insert_dossier.py:160:
	                  {{EnvelopeID}}_01
2023-07-21 20:11:08 DEBUG    md_insert_dossier.md_insert_dossier() c:\Users\borgonovo_furio\OneDrive - Playtech\Documents\snaitech-dev\Massive docs\md_insert_dossier.py:161:
	                  SIGN
2023-07-21 20:11:08 DEBUG    md_insert_dossier.md_insert_dossier() c:\Users\borgonovo_furio\OneDrive - Playtech\Documents\snaitech-dev\Massive docs\md_insert_dossier.py:179:
	md_insert_dossier - END
2023-07-21 20:11:08 DEBUG    md_process_recipients.md_send_record() c:\Users\borgonovo_furio\OneDrive - Playtech\Documents\snaitech-dev\Massive docs\md_process_recipients.py:45:
	md_send_record - END
2023-07-21 20:11:08 DEBUG    md_process_recipients.md_process_record() c:\Users\borgonovo_furio\OneDrive - Playtech\Documents\snaitech-dev\Massive docs\md_process_recipients.py:55:
	Record processed: 03063650125, 1135204976@qq.com, 0
2023-07-21 20:11:08 DEBUG    md_db.md_query() c:\Users\borgonovo_furio\OneDrive - Playtech\Documents\snaitech-dev\Massive docs\md_db.py:273:
	Querying mm DB: SELECT * FROM PROCESSED WHERE _PIVA == '03063650125'
2023-07-21 20:11:08 DEBUG    md_db.md_query() c:\Users\borgonovo_furio\OneDrive - Playtech\Documents\snaitech-dev\Massive docs\md_db.py:294:
	Record with partita IVA #03063650125 found
2023-07-21 20:11:08 DEBUG    md_process_recipients.md_process_record() c:\Users\borgonovo_furio\OneDrive - Playtech\Documents\snaitech-dev\Massive docs\md_process_recipients.py:67:
	Record inserted: 03063650125, 1135204976@qq.com;  , 0
2023-07-21 20:11:08 DEBUG    md_process_recipients.md_process_record() c:\Users\borgonovo_furio\OneDrive - Playtech\Documents\snaitech-dev\Massive docs\md_process_recipients.py:69:
	md_process_record - END

2023-07-21 20:11:08 INFO     md_process_recipients.md_process_recipients() c:\Users\borgonovo_furio\OneDrive - Playtech\Documents\snaitech-dev\Massive docs\md_process_recipients.py:166:
	Record #4: 4, 03063650125, SALA VLT 168 DI ZHANG XIANGYANG, 3331226767, 1135204976@qq.com
2023-07-21 20:11:08 DEBUG    md_process_recipients.md_process_recipients() c:\Users\borgonovo_furio\OneDrive - Playtech\Documents\snaitech-dev\Massive docs\md_process_recipients.py:97:
	Processing record #5: 01450380686, ORSINI TIZIANA, 0854680144, tizianaorsini99@tiscali.it;  , 0010021530001@postacertificata.tabaccai.it 
2023-07-21 20:11:08 DEBUG    md_process_recipients.md_process_recipients() c:\Users\borgonovo_furio\OneDrive - Playtech\Documents\snaitech-dev\Massive docs\md_process_recipients.py:155:
	Record #5/6 successful inserted into RECIPIENTS table.
2023-07-21 20:11:08 DEBUG    md_process_recipients.md_check_email() c:\Users\borgonovo_furio\OneDrive - Playtech\Documents\snaitech-dev\Massive docs\md_process_recipients.py:14:
	md_check_email - BEGIN
2023-07-21 20:11:08 DEBUG    md_process_recipients.md_check_email() c:\Users\borgonovo_furio\OneDrive - Playtech\Documents\snaitech-dev\Massive docs\md_process_recipients.py:26:
	md_check_email: pec and email found. Choosing pec -> [tizianaorsini99@tiscali.it] - [0010021530001@postacertificata.tabaccai.it]
2023-07-21 20:11:08 DEBUG    md_process_recipients.md_check_email() c:\Users\borgonovo_furio\OneDrive - Playtech\Documents\snaitech-dev\Massive docs\md_process_recipients.py:32:
	md_check_email - END
2023-07-21 20:11:08 DEBUG    md_process_recipients.md_process_record() c:\Users\borgonovo_furio\OneDrive - Playtech\Documents\snaitech-dev\Massive docs\md_process_recipients.py:50:
	

md_process_record - BEGIN
2023-07-21 20:11:08 DEBUG    md_process_recipients.md_send_record() c:\Users\borgonovo_furio\OneDrive - Playtech\Documents\snaitech-dev\Massive docs\md_process_recipients.py:37:
	md_send_record - BEGIN
2023-07-21 20:11:08 DEBUG    md_process_recipients.md_send_record() c:\Users\borgonovo_furio\OneDrive - Playtech\Documents\snaitech-dev\Massive docs\md_process_recipients.py:39:
	Sending record: 01450380686, ORSINI TIZIANA, 0854680144, 0010021530001@postacertificata.tabaccai.it
2023-07-21 20:11:08 DEBUG    md_insert_dossier.md_insert_dossier() c:\Users\borgonovo_furio\OneDrive - Playtech\Documents\snaitech-dev\Massive docs\md_insert_dossier.py:136:
	md_insert_dossier - BEGIN
2023-07-21 20:11:08 DEBUG    md_insert_dossier.md_insert_dossier() c:\Users\borgonovo_furio\OneDrive - Playtech\Documents\snaitech-dev\Massive docs\md_insert_dossier.py:154:
	Dossier inserted: Document signature (Diego Zorro)
2023-07-21 20:11:08 DEBUG    md_insert_dossier.md_insert_dossier() c:\Users\borgonovo_furio\OneDrive - Playtech\Documents\snaitech-dev\Massive docs\md_insert_dossier.py:156:
	                  {{Doc1_Title}}
2023-07-21 20:11:08 DEBUG    md_insert_dossier.md_insert_dossier() c:\Users\borgonovo_furio\OneDrive - Playtech\Documents\snaitech-dev\Massive docs\md_insert_dossier.py:158:
	                  {{Stranger_email}}U
2023-07-21 20:11:08 DEBUG    md_insert_dossier.md_insert_dossier() c:\Users\borgonovo_furio\OneDrive - Playtech\Documents\snaitech-dev\Massive docs\md_insert_dossier.py:160:
	                  {{EnvelopeID}}_01
2023-07-21 20:11:08 DEBUG    md_insert_dossier.md_insert_dossier() c:\Users\borgonovo_furio\OneDrive - Playtech\Documents\snaitech-dev\Massive docs\md_insert_dossier.py:161:
	                  SIGN
2023-07-21 20:11:08 DEBUG    md_insert_dossier.md_insert_dossier() c:\Users\borgonovo_furio\OneDrive - Playtech\Documents\snaitech-dev\Massive docs\md_insert_dossier.py:179:
	md_insert_dossier - END
2023-07-21 20:11:08 DEBUG    md_process_recipients.md_send_record() c:\Users\borgonovo_furio\OneDrive - Playtech\Documents\snaitech-dev\Massive docs\md_process_recipients.py:45:
	md_send_record - END
2023-07-21 20:11:08 DEBUG    md_process_recipients.md_process_record() c:\Users\borgonovo_furio\OneDrive - Playtech\Documents\snaitech-dev\Massive docs\md_process_recipients.py:55:
	Record processed: 01450380686, 0010021530001@postacertificata.tabaccai.it, 0
2023-07-21 20:11:08 DEBUG    md_db.md_query() c:\Users\borgonovo_furio\OneDrive - Playtech\Documents\snaitech-dev\Massive docs\md_db.py:273:
	Querying mm DB: SELECT * FROM PROCESSED WHERE _PIVA == '01450380686'
2023-07-21 20:11:08 DEBUG    md_db.md_query() c:\Users\borgonovo_furio\OneDrive - Playtech\Documents\snaitech-dev\Massive docs\md_db.py:294:
	Record with partita IVA #01450380686 found
2023-07-21 20:11:08 DEBUG    md_process_recipients.md_process_record() c:\Users\borgonovo_furio\OneDrive - Playtech\Documents\snaitech-dev\Massive docs\md_process_recipients.py:67:
	Record inserted: 01450380686, tizianaorsini99@tiscali.it;  , 0
2023-07-21 20:11:08 DEBUG    md_process_recipients.md_process_record() c:\Users\borgonovo_furio\OneDrive - Playtech\Documents\snaitech-dev\Massive docs\md_process_recipients.py:69:
	md_process_record - END

2023-07-21 20:11:08 INFO     md_process_recipients.md_process_recipients() c:\Users\borgonovo_furio\OneDrive - Playtech\Documents\snaitech-dev\Massive docs\md_process_recipients.py:166:
	Record #5: 5, 01450380686, ORSINI TIZIANA, 0854680144, 0010021530001@postacertificata.tabaccai.it
2023-07-21 20:11:08 DEBUG    md_process_recipients.md_process_recipients() c:\Users\borgonovo_furio\OneDrive - Playtech\Documents\snaitech-dev\Massive docs\md_process_recipients.py:97:
	Processing record #6: 01284980685, CARESTIA ANTONIO, 0858542105 - 0858542105, antonio.carestia68@gmail.com;  , 0010312280001@postacertificata.tabaccai.it 
2023-07-21 20:11:08 DEBUG    md_process_recipients.md_process_recipients() c:\Users\borgonovo_furio\OneDrive - Playtech\Documents\snaitech-dev\Massive docs\md_process_recipients.py:155:
	Record #6/7 successful inserted into RECIPIENTS table.
2023-07-21 20:11:08 DEBUG    md_process_recipients.md_check_email() c:\Users\borgonovo_furio\OneDrive - Playtech\Documents\snaitech-dev\Massive docs\md_process_recipients.py:14:
	md_check_email - BEGIN
2023-07-21 20:11:08 DEBUG    md_process_recipients.md_check_email() c:\Users\borgonovo_furio\OneDrive - Playtech\Documents\snaitech-dev\Massive docs\md_process_recipients.py:26:
	md_check_email: pec and email found. Choosing pec -> [antonio.carestia68@gmail.com] - [0010312280001@postacertificata.tabaccai.it]
2023-07-21 20:11:08 DEBUG    md_process_recipients.md_check_email() c:\Users\borgonovo_furio\OneDrive - Playtech\Documents\snaitech-dev\Massive docs\md_process_recipients.py:32:
	md_check_email - END
2023-07-21 20:11:08 DEBUG    md_process_recipients.md_process_record() c:\Users\borgonovo_furio\OneDrive - Playtech\Documents\snaitech-dev\Massive docs\md_process_recipients.py:50:
	

md_process_record - BEGIN
2023-07-21 20:11:08 DEBUG    md_process_recipients.md_send_record() c:\Users\borgonovo_furio\OneDrive - Playtech\Documents\snaitech-dev\Massive docs\md_process_recipients.py:37:
	md_send_record - BEGIN
2023-07-21 20:11:08 DEBUG    md_process_recipients.md_send_record() c:\Users\borgonovo_furio\OneDrive - Playtech\Documents\snaitech-dev\Massive docs\md_process_recipients.py:39:
	Sending record: 01284980685, CARESTIA ANTONIO, 0858542105 - 0858542105, 0010312280001@postacertificata.tabaccai.it
2023-07-21 20:11:08 DEBUG    md_insert_dossier.md_insert_dossier() c:\Users\borgonovo_furio\OneDrive - Playtech\Documents\snaitech-dev\Massive docs\md_insert_dossier.py:136:
	md_insert_dossier - BEGIN
2023-07-21 20:11:08 DEBUG    md_insert_dossier.md_insert_dossier() c:\Users\borgonovo_furio\OneDrive - Playtech\Documents\snaitech-dev\Massive docs\md_insert_dossier.py:154:
	Dossier inserted: Document signature (Diego Zorro)
2023-07-21 20:11:08 DEBUG    md_insert_dossier.md_insert_dossier() c:\Users\borgonovo_furio\OneDrive - Playtech\Documents\snaitech-dev\Massive docs\md_insert_dossier.py:156:
	                  {{Doc1_Title}}
2023-07-21 20:11:08 DEBUG    md_insert_dossier.md_insert_dossier() c:\Users\borgonovo_furio\OneDrive - Playtech\Documents\snaitech-dev\Massive docs\md_insert_dossier.py:158:
	                  {{Stranger_email}}U
2023-07-21 20:11:08 DEBUG    md_insert_dossier.md_insert_dossier() c:\Users\borgonovo_furio\OneDrive - Playtech\Documents\snaitech-dev\Massive docs\md_insert_dossier.py:160:
	                  {{EnvelopeID}}_01
2023-07-21 20:11:08 DEBUG    md_insert_dossier.md_insert_dossier() c:\Users\borgonovo_furio\OneDrive - Playtech\Documents\snaitech-dev\Massive docs\md_insert_dossier.py:161:
	                  SIGN
2023-07-21 20:11:08 DEBUG    md_insert_dossier.md_insert_dossier() c:\Users\borgonovo_furio\OneDrive - Playtech\Documents\snaitech-dev\Massive docs\md_insert_dossier.py:179:
	md_insert_dossier - END
2023-07-21 20:11:08 DEBUG    md_process_recipients.md_send_record() c:\Users\borgonovo_furio\OneDrive - Playtech\Documents\snaitech-dev\Massive docs\md_process_recipients.py:45:
	md_send_record - END
2023-07-21 20:11:08 DEBUG    md_process_recipients.md_process_record() c:\Users\borgonovo_furio\OneDrive - Playtech\Documents\snaitech-dev\Massive docs\md_process_recipients.py:55:
	Record processed: 01284980685, 0010312280001@postacertificata.tabaccai.it, 0
2023-07-21 20:11:08 DEBUG    md_db.md_query() c:\Users\borgonovo_furio\OneDrive - Playtech\Documents\snaitech-dev\Massive docs\md_db.py:273:
	Querying mm DB: SELECT * FROM PROCESSED WHERE _PIVA == '01284980685'
2023-07-21 20:11:08 DEBUG    md_db.md_query() c:\Users\borgonovo_furio\OneDrive - Playtech\Documents\snaitech-dev\Massive docs\md_db.py:294:
	Record with partita IVA #01284980685 found
2023-07-21 20:11:08 DEBUG    md_process_recipients.md_process_record() c:\Users\borgonovo_furio\OneDrive - Playtech\Documents\snaitech-dev\Massive docs\md_process_recipients.py:67:
	Record inserted: 01284980685, antonio.carestia68@gmail.com;  , 0
2023-07-21 20:11:08 DEBUG    md_process_recipients.md_process_record() c:\Users\borgonovo_furio\OneDrive - Playtech\Documents\snaitech-dev\Massive docs\md_process_recipients.py:69:
	md_process_record - END

2023-07-21 20:11:08 INFO     md_process_recipients.md_process_recipients() c:\Users\borgonovo_furio\OneDrive - Playtech\Documents\snaitech-dev\Massive docs\md_process_recipients.py:166:
	Record #6: 6, 01284980685, CARESTIA ANTONIO, 0858542105 - 0858542105, 0010312280001@postacertificata.tabaccai.it
2023-07-21 20:11:08 DEBUG    md_process_recipients.md_process_recipients() c:\Users\borgonovo_furio\OneDrive - Playtech\Documents\snaitech-dev\Massive docs\md_process_recipients.py:97:
	Processing record #7: 01847300462, LERA MARCO, 0583961657, ricevitoria.osteria@libero.it;  , 0010373400001@postacertificata.tabaccai.it 
2023-07-21 20:11:08 DEBUG    md_process_recipients.md_process_recipients() c:\Users\borgonovo_furio\OneDrive - Playtech\Documents\snaitech-dev\Massive docs\md_process_recipients.py:155:
	Record #7/8 successful inserted into RECIPIENTS table.
2023-07-21 20:11:08 DEBUG    md_process_recipients.md_check_email() c:\Users\borgonovo_furio\OneDrive - Playtech\Documents\snaitech-dev\Massive docs\md_process_recipients.py:14:
	md_check_email - BEGIN
2023-07-21 20:11:08 DEBUG    md_process_recipients.md_check_email() c:\Users\borgonovo_furio\OneDrive - Playtech\Documents\snaitech-dev\Massive docs\md_process_recipients.py:26:
	md_check_email: pec and email found. Choosing pec -> [ricevitoria.osteria@libero.it] - [0010373400001@postacertificata.tabaccai.it]
2023-07-21 20:11:08 DEBUG    md_process_recipients.md_check_email() c:\Users\borgonovo_furio\OneDrive - Playtech\Documents\snaitech-dev\Massive docs\md_process_recipients.py:32:
	md_check_email - END
2023-07-21 20:11:08 DEBUG    md_process_recipients.md_process_record() c:\Users\borgonovo_furio\OneDrive - Playtech\Documents\snaitech-dev\Massive docs\md_process_recipients.py:50:
	

md_process_record - BEGIN
2023-07-21 20:11:08 DEBUG    md_process_recipients.md_send_record() c:\Users\borgonovo_furio\OneDrive - Playtech\Documents\snaitech-dev\Massive docs\md_process_recipients.py:37:
	md_send_record - BEGIN
2023-07-21 20:11:08 DEBUG    md_process_recipients.md_send_record() c:\Users\borgonovo_furio\OneDrive - Playtech\Documents\snaitech-dev\Massive docs\md_process_recipients.py:39:
	Sending record: 01847300462, LERA MARCO, 0583961657, 0010373400001@postacertificata.tabaccai.it
2023-07-21 20:11:08 DEBUG    md_insert_dossier.md_insert_dossier() c:\Users\borgonovo_furio\OneDrive - Playtech\Documents\snaitech-dev\Massive docs\md_insert_dossier.py:136:
	md_insert_dossier - BEGIN
2023-07-21 20:11:08 DEBUG    md_insert_dossier.md_insert_dossier() c:\Users\borgonovo_furio\OneDrive - Playtech\Documents\snaitech-dev\Massive docs\md_insert_dossier.py:154:
	Dossier inserted: Document signature (Diego Zorro)
2023-07-21 20:11:08 DEBUG    md_insert_dossier.md_insert_dossier() c:\Users\borgonovo_furio\OneDrive - Playtech\Documents\snaitech-dev\Massive docs\md_insert_dossier.py:156:
	                  {{Doc1_Title}}
2023-07-21 20:11:08 DEBUG    md_insert_dossier.md_insert_dossier() c:\Users\borgonovo_furio\OneDrive - Playtech\Documents\snaitech-dev\Massive docs\md_insert_dossier.py:158:
	                  {{Stranger_email}}U
2023-07-21 20:11:08 DEBUG    md_insert_dossier.md_insert_dossier() c:\Users\borgonovo_furio\OneDrive - Playtech\Documents\snaitech-dev\Massive docs\md_insert_dossier.py:160:
	                  {{EnvelopeID}}_01
2023-07-21 20:11:08 DEBUG    md_insert_dossier.md_insert_dossier() c:\Users\borgonovo_furio\OneDrive - Playtech\Documents\snaitech-dev\Massive docs\md_insert_dossier.py:161:
	                  SIGN
2023-07-21 20:11:08 DEBUG    md_insert_dossier.md_insert_dossier() c:\Users\borgonovo_furio\OneDrive - Playtech\Documents\snaitech-dev\Massive docs\md_insert_dossier.py:179:
	md_insert_dossier - END
2023-07-21 20:11:08 DEBUG    md_process_recipients.md_send_record() c:\Users\borgonovo_furio\OneDrive - Playtech\Documents\snaitech-dev\Massive docs\md_process_recipients.py:45:
	md_send_record - END
2023-07-21 20:11:08 DEBUG    md_process_recipients.md_process_record() c:\Users\borgonovo_furio\OneDrive - Playtech\Documents\snaitech-dev\Massive docs\md_process_recipients.py:55:
	Record processed: 01847300462, 0010373400001@postacertificata.tabaccai.it, 0
2023-07-21 20:11:08 DEBUG    md_db.md_query() c:\Users\borgonovo_furio\OneDrive - Playtech\Documents\snaitech-dev\Massive docs\md_db.py:273:
	Querying mm DB: SELECT * FROM PROCESSED WHERE _PIVA == '01847300462'
2023-07-21 20:11:08 DEBUG    md_db.md_query() c:\Users\borgonovo_furio\OneDrive - Playtech\Documents\snaitech-dev\Massive docs\md_db.py:294:
	Record with partita IVA #01847300462 found
2023-07-21 20:11:08 DEBUG    md_process_recipients.md_process_record() c:\Users\borgonovo_furio\OneDrive - Playtech\Documents\snaitech-dev\Massive docs\md_process_recipients.py:67:
	Record inserted: 01847300462, ricevitoria.osteria@libero.it;  , 0
2023-07-21 20:11:08 DEBUG    md_process_recipients.md_process_record() c:\Users\borgonovo_furio\OneDrive - Playtech\Documents\snaitech-dev\Massive docs\md_process_recipients.py:69:
	md_process_record - END

2023-07-21 20:11:08 INFO     md_process_recipients.md_process_recipients() c:\Users\borgonovo_furio\OneDrive - Playtech\Documents\snaitech-dev\Massive docs\md_process_recipients.py:166:
	Record #7: 7, 01847300462, LERA MARCO, 0583961657, 0010373400001@postacertificata.tabaccai.it
2023-07-21 20:11:08 DEBUG    md_process_recipients.md_process_recipients() c:\Users\borgonovo_furio\OneDrive - Playtech\Documents\snaitech-dev\Massive docs\md_process_recipients.py:97:
	Processing record #8: 02359340961, MARTINO 2000, 0266401122 - 3355202677, claudio@martino2000.it;  , 0010398410001@POSTACERTIFICATA.TABACCAI.IT; fe.dylogbuffetti@sicurezzapostale.it
2023-07-21 20:11:08 DEBUG    md_process_recipients.md_process_recipients() c:\Users\borgonovo_furio\OneDrive - Playtech\Documents\snaitech-dev\Massive docs\md_process_recipients.py:155:
	Record #8/9 successful inserted into RECIPIENTS table.
2023-07-21 20:11:08 DEBUG    md_process_recipients.md_check_email() c:\Users\borgonovo_furio\OneDrive - Playtech\Documents\snaitech-dev\Massive docs\md_process_recipients.py:14:
	md_check_email - BEGIN
2023-07-21 20:11:08 DEBUG    md_process_recipients.md_check_email() c:\Users\borgonovo_furio\OneDrive - Playtech\Documents\snaitech-dev\Massive docs\md_process_recipients.py:26:
	md_check_email: pec and email found. Choosing pec -> [claudio@martino2000.it] - [0010398410001@POSTACERTIFICATA.TABACCAI.IT]
2023-07-21 20:11:08 DEBUG    md_process_recipients.md_check_email() c:\Users\borgonovo_furio\OneDrive - Playtech\Documents\snaitech-dev\Massive docs\md_process_recipients.py:32:
	md_check_email - END
2023-07-21 20:11:08 DEBUG    md_process_recipients.md_process_record() c:\Users\borgonovo_furio\OneDrive - Playtech\Documents\snaitech-dev\Massive docs\md_process_recipients.py:50:
	

md_process_record - BEGIN
2023-07-21 20:11:08 DEBUG    md_process_recipients.md_send_record() c:\Users\borgonovo_furio\OneDrive - Playtech\Documents\snaitech-dev\Massive docs\md_process_recipients.py:37:
	md_send_record - BEGIN
2023-07-21 20:11:08 DEBUG    md_process_recipients.md_send_record() c:\Users\borgonovo_furio\OneDrive - Playtech\Documents\snaitech-dev\Massive docs\md_process_recipients.py:39:
	Sending record: 02359340961, MARTINO 2000, 0266401122 - 3355202677, 0010398410001@POSTACERTIFICATA.TABACCAI.IT
2023-07-21 20:11:08 DEBUG    md_insert_dossier.md_insert_dossier() c:\Users\borgonovo_furio\OneDrive - Playtech\Documents\snaitech-dev\Massive docs\md_insert_dossier.py:136:
	md_insert_dossier - BEGIN
2023-07-21 20:11:08 DEBUG    md_insert_dossier.md_insert_dossier() c:\Users\borgonovo_furio\OneDrive - Playtech\Documents\snaitech-dev\Massive docs\md_insert_dossier.py:154:
	Dossier inserted: Document signature (Diego Zorro)
2023-07-21 20:11:08 DEBUG    md_insert_dossier.md_insert_dossier() c:\Users\borgonovo_furio\OneDrive - Playtech\Documents\snaitech-dev\Massive docs\md_insert_dossier.py:156:
	                  {{Doc1_Title}}
2023-07-21 20:11:08 DEBUG    md_insert_dossier.md_insert_dossier() c:\Users\borgonovo_furio\OneDrive - Playtech\Documents\snaitech-dev\Massive docs\md_insert_dossier.py:158:
	                  {{Stranger_email}}U
2023-07-21 20:11:08 DEBUG    md_insert_dossier.md_insert_dossier() c:\Users\borgonovo_furio\OneDrive - Playtech\Documents\snaitech-dev\Massive docs\md_insert_dossier.py:160:
	                  {{EnvelopeID}}_01
2023-07-21 20:11:08 DEBUG    md_insert_dossier.md_insert_dossier() c:\Users\borgonovo_furio\OneDrive - Playtech\Documents\snaitech-dev\Massive docs\md_insert_dossier.py:161:
	                  SIGN
2023-07-21 20:11:08 DEBUG    md_insert_dossier.md_insert_dossier() c:\Users\borgonovo_furio\OneDrive - Playtech\Documents\snaitech-dev\Massive docs\md_insert_dossier.py:179:
	md_insert_dossier - END
2023-07-21 20:11:08 DEBUG    md_process_recipients.md_send_record() c:\Users\borgonovo_furio\OneDrive - Playtech\Documents\snaitech-dev\Massive docs\md_process_recipients.py:45:
	md_send_record - END
2023-07-21 20:11:08 DEBUG    md_process_recipients.md_process_record() c:\Users\borgonovo_furio\OneDrive - Playtech\Documents\snaitech-dev\Massive docs\md_process_recipients.py:55:
	Record processed: 02359340961, 0010398410001@POSTACERTIFICATA.TABACCAI.IT, 0
2023-07-21 20:11:08 DEBUG    md_db.md_query() c:\Users\borgonovo_furio\OneDrive - Playtech\Documents\snaitech-dev\Massive docs\md_db.py:273:
	Querying mm DB: SELECT * FROM PROCESSED WHERE _PIVA == '02359340961'
2023-07-21 20:11:08 DEBUG    md_db.md_query() c:\Users\borgonovo_furio\OneDrive - Playtech\Documents\snaitech-dev\Massive docs\md_db.py:294:
	Record with partita IVA #02359340961 found
2023-07-21 20:11:08 DEBUG    md_process_recipients.md_process_record() c:\Users\borgonovo_furio\OneDrive - Playtech\Documents\snaitech-dev\Massive docs\md_process_recipients.py:67:
	Record inserted: 02359340961, claudio@martino2000.it;  , 0
2023-07-21 20:11:08 DEBUG    md_process_recipients.md_process_record() c:\Users\borgonovo_furio\OneDrive - Playtech\Documents\snaitech-dev\Massive docs\md_process_recipients.py:69:
	md_process_record - END

2023-07-21 20:11:08 INFO     md_process_recipients.md_process_recipients() c:\Users\borgonovo_furio\OneDrive - Playtech\Documents\snaitech-dev\Massive docs\md_process_recipients.py:166:
	Record #8: 8, 02359340961, MARTINO 2000, 0266401122 - 3355202677, 0010398410001@POSTACERTIFICATA.TABACCAI.IT
2023-07-21 20:11:08 DEBUG    md_process_recipients.md_process_recipients() c:\Users\borgonovo_furio\OneDrive - Playtech\Documents\snaitech-dev\Massive docs\md_process_recipients.py:97:
	Processing record #9: 01218970505, CERQUA MASSIMILIANO, 050803320 - 3488235512, maxcerqua@yahoo.it;  , 0020046200001@POSTACERTIFICATA.TABACCAI.IT 
2023-07-21 20:11:08 DEBUG    md_process_recipients.md_process_recipients() c:\Users\borgonovo_furio\OneDrive - Playtech\Documents\snaitech-dev\Massive docs\md_process_recipients.py:155:
	Record #9/10 successful inserted into RECIPIENTS table.
2023-07-21 20:11:08 DEBUG    md_process_recipients.md_check_email() c:\Users\borgonovo_furio\OneDrive - Playtech\Documents\snaitech-dev\Massive docs\md_process_recipients.py:14:
	md_check_email - BEGIN
2023-07-21 20:11:08 DEBUG    md_process_recipients.md_check_email() c:\Users\borgonovo_furio\OneDrive - Playtech\Documents\snaitech-dev\Massive docs\md_process_recipients.py:26:
	md_check_email: pec and email found. Choosing pec -> [maxcerqua@yahoo.it] - [0020046200001@POSTACERTIFICATA.TABACCAI.IT]
2023-07-21 20:11:08 DEBUG    md_process_recipients.md_check_email() c:\Users\borgonovo_furio\OneDrive - Playtech\Documents\snaitech-dev\Massive docs\md_process_recipients.py:32:
	md_check_email - END
2023-07-21 20:11:08 DEBUG    md_process_recipients.md_process_record() c:\Users\borgonovo_furio\OneDrive - Playtech\Documents\snaitech-dev\Massive docs\md_process_recipients.py:50:
	

md_process_record - BEGIN
2023-07-21 20:11:08 DEBUG    md_process_recipients.md_send_record() c:\Users\borgonovo_furio\OneDrive - Playtech\Documents\snaitech-dev\Massive docs\md_process_recipients.py:37:
	md_send_record - BEGIN
2023-07-21 20:11:08 DEBUG    md_process_recipients.md_send_record() c:\Users\borgonovo_furio\OneDrive - Playtech\Documents\snaitech-dev\Massive docs\md_process_recipients.py:39:
	Sending record: 01218970505, CERQUA MASSIMILIANO, 050803320 - 3488235512, 0020046200001@POSTACERTIFICATA.TABACCAI.IT
2023-07-21 20:11:08 DEBUG    md_insert_dossier.md_insert_dossier() c:\Users\borgonovo_furio\OneDrive - Playtech\Documents\snaitech-dev\Massive docs\md_insert_dossier.py:136:
	md_insert_dossier - BEGIN
2023-07-21 20:11:08 DEBUG    md_insert_dossier.md_insert_dossier() c:\Users\borgonovo_furio\OneDrive - Playtech\Documents\snaitech-dev\Massive docs\md_insert_dossier.py:154:
	Dossier inserted: Document signature (Diego Zorro)
2023-07-21 20:11:08 DEBUG    md_insert_dossier.md_insert_dossier() c:\Users\borgonovo_furio\OneDrive - Playtech\Documents\snaitech-dev\Massive docs\md_insert_dossier.py:156:
	                  {{Doc1_Title}}
2023-07-21 20:11:08 DEBUG    md_insert_dossier.md_insert_dossier() c:\Users\borgonovo_furio\OneDrive - Playtech\Documents\snaitech-dev\Massive docs\md_insert_dossier.py:158:
	                  {{Stranger_email}}U
2023-07-21 20:11:08 DEBUG    md_insert_dossier.md_insert_dossier() c:\Users\borgonovo_furio\OneDrive - Playtech\Documents\snaitech-dev\Massive docs\md_insert_dossier.py:160:
	                  {{EnvelopeID}}_01
2023-07-21 20:11:08 DEBUG    md_insert_dossier.md_insert_dossier() c:\Users\borgonovo_furio\OneDrive - Playtech\Documents\snaitech-dev\Massive docs\md_insert_dossier.py:161:
	                  SIGN
2023-07-21 20:11:08 DEBUG    md_insert_dossier.md_insert_dossier() c:\Users\borgonovo_furio\OneDrive - Playtech\Documents\snaitech-dev\Massive docs\md_insert_dossier.py:179:
	md_insert_dossier - END
2023-07-21 20:11:08 DEBUG    md_process_recipients.md_send_record() c:\Users\borgonovo_furio\OneDrive - Playtech\Documents\snaitech-dev\Massive docs\md_process_recipients.py:45:
	md_send_record - END
2023-07-21 20:11:08 DEBUG    md_process_recipients.md_process_record() c:\Users\borgonovo_furio\OneDrive - Playtech\Documents\snaitech-dev\Massive docs\md_process_recipients.py:55:
	Record processed: 01218970505, 0020046200001@POSTACERTIFICATA.TABACCAI.IT, 0
2023-07-21 20:11:08 DEBUG    md_db.md_query() c:\Users\borgonovo_furio\OneDrive - Playtech\Documents\snaitech-dev\Massive docs\md_db.py:273:
	Querying mm DB: SELECT * FROM PROCESSED WHERE _PIVA == '01218970505'
2023-07-21 20:11:08 DEBUG    md_db.md_query() c:\Users\borgonovo_furio\OneDrive - Playtech\Documents\snaitech-dev\Massive docs\md_db.py:294:
	Record with partita IVA #01218970505 found
2023-07-21 20:11:08 DEBUG    md_process_recipients.md_process_record() c:\Users\borgonovo_furio\OneDrive - Playtech\Documents\snaitech-dev\Massive docs\md_process_recipients.py:67:
	Record inserted: 01218970505, maxcerqua@yahoo.it;  , 0
2023-07-21 20:11:08 DEBUG    md_process_recipients.md_process_record() c:\Users\borgonovo_furio\OneDrive - Playtech\Documents\snaitech-dev\Massive docs\md_process_recipients.py:69:
	md_process_record - END

2023-07-21 20:11:08 INFO     md_process_recipients.md_process_recipients() c:\Users\borgonovo_furio\OneDrive - Playtech\Documents\snaitech-dev\Massive docs\md_process_recipients.py:166:
	Record #9: 9, 01218970505, CERQUA MASSIMILIANO, 050803320 - 3488235512, 0020046200001@POSTACERTIFICATA.TABACCAI.IT
2023-07-21 20:11:08 DEBUG    md_process_recipients.md_process_recipients() c:\Users\borgonovo_furio\OneDrive - Playtech\Documents\snaitech-dev\Massive docs\md_process_recipients.py:174:
	md_process_recipients - END
2023-07-21 20:11:08 INFO     __main__.<module>() c:\Users\borgonovo_furio\OneDrive - Playtech\Documents\snaitech-dev\Massive docs\md_main.py:47:
	

*** MASSIVE MAIL COMPLETE ***
      23/07/21 20:11:08       
Processed: 10 - Anomalies: 0
Elapsed: 0:00:02.043071

